{"/home/maria/repository/fluss/user/dashboard/src/router/index.ts": {"path":"/home/maria/repository/fluss/user/dashboard/src/router/index.ts","statementMap":{"0":{"start":{"line":1,"column":0},"end":{"line":1,"column":null}},"1":{"start":{"line":2,"column":0},"end":{"line":2,"column":null}},"2":{"start":{"line":3,"column":0},"end":{"line":3,"column":null}},"3":{"start":{"line":5,"column":0},"end":{"line":5,"column":4}},"4":{"start":{"line":7,"column":35},"end":{"line":7,"column":null}},"5":{"start":{"line":19,"column":15},"end":{"line":19,"column":null}},"6":{"start":{"line":21,"column":22},"end":{"line":21,"column":26}}},"fnMap":{},"branchMap":{},"s":{"0":1,"1":1,"2":1,"3":1,"4":1,"5":1,"6":1},"f":{},"b":{}}
,"/home/maria/repository/fluss/user/dashboard/src/store/index.ts": {"path":"/home/maria/repository/fluss/user/dashboard/src/store/index.ts","statementMap":{"0":{"start":{"line":1,"column":0},"end":{"line":1,"column":null}},"1":{"start":{"line":2,"column":0},"end":{"line":2,"column":null}},"2":{"start":{"line":4,"column":0},"end":{"line":4,"column":4}},"3":{"start":{"line":5,"column":14},"end":{"line":5,"column":18}},"4":{"start":{"line":9,"column":25},"end":{"line":10,"column":7}},"5":{"start":{"line":10,"column":2},"end":{"line":10,"column":7}},"6":{"start":{"line":12,"column":15},"end":{"line":12,"column":null}}},"fnMap":{"0":{"name":"(anonymous_0)","decl":{"start":{"line":9,"column":25},"end":{"line":9,"column":null}},"loc":{"start":{"line":10,"column":2},"end":{"line":10,"column":7}}}},"branchMap":{},"s":{"0":1,"1":1,"2":1,"3":1,"4":1,"5":1,"6":1},"f":{"0":1},"b":{}}
,"/home/maria/repository/fluss/user/dashboard/src/views/Home.vue": {"path":"/home/maria/repository/fluss/user/dashboard/src/views/Home.vue","statementMap":{"0":{"start":{"line":8,"column":0},"end":{"line":8,"column":null}},"1":{"start":{"line":12,"column":0},"end":{"line":12,"column":null}}},"fnMap":{},"branchMap":{},"s":{"0":2,"1":4},"f":{},"b":{}}
}
