TN:
SF:/home/mikhael1729/Documents/code/web/fluss/user/dashboard/src/App.vue
FNF:0
FNH:0
DA:24,1
DA:25,1
DA:28,1
LF:3
LH:3
BRF:0
BRH:0
end_of_record
TN:
SF:/home/mikhael1729/Documents/code/web/fluss/user/dashboard/src/components/Layout/Layout.vue
FNF:0
FNH:0
DA:17,1
DA:18,1
DA:19,1
DA:24,1
LF:4
LH:4
BRF:0
BRH:0
end_of_record
TN:
SF:/home/mikhael1729/Documents/code/web/fluss/user/dashboard/src/router/index.ts
FNF:0
FNH:0
DA:1,1
DA:2,1
DA:3,1
DA:5,1
DA:7,1
DA:19,1
DA:21,1
LF:7
LH:7
BRF:0
BRH:0
end_of_record
TN:
SF:/home/mikhael1729/Documents/code/web/fluss/user/dashboard/src/store/index.ts
FN:9,(anonymous_0)
FNF:1
FNH:1
FNDA:1,(anonymous_0)
DA:1,1
DA:2,1
DA:4,1
DA:5,1
DA:9,1
DA:10,1
DA:12,1
LF:7
LH:7
BRF:0
BRH:0
end_of_record
