TN:
SF:C:\Users\LeiscarT\Desktop\Fluss\fluss-1\administrator\dashboard\src\router\index.ts
FNF:0
FNH:0
DA:1,1
DA:2,1
DA:3,1
DA:5,1
DA:7,1
DA:19,1
DA:21,1
LF:7
LH:7
BRF:0
BRH:0
end_of_record
TN:
SF:C:\Users\LeiscarT\Desktop\Fluss\fluss-1\administrator\dashboard\src\store\index.ts
FN:9,(anonymous_0)
FNF:1
FNH:1
FNDA:1,(anonymous_0)
DA:1,1
DA:2,1
DA:4,1
DA:5,1
DA:9,1
DA:10,1
DA:12,1
LF:7
LH:7
BRF:0
BRH:0
end_of_record
TN:
SF:C:\Users\LeiscarT\Desktop\Fluss\fluss-1\administrator\dashboard\src\views\Login.vue
FNF:0
FNH:0
DA:112,2
DA:121,4
LF:2
LH:2
BRF:0
BRH:0
end_of_record
